<?xml version="1.0" encoding="UTF-8"?>
<!-- Generated by org.testng.reporters.JUnitReportReporter -->
<testsuite hostname="3BiilSofts-MacBook-Pro.local" failures="0" tests="1" name="test.CreateNewProfilePageTests" time="8.208" errors="0" timestamp="2023-02-20T14:04:21 CET" skipped="0">
  <testcase classname="test.CreateNewProfilePageTests" name="createAndDeleteUserProfile" time="8.208"/>
  <system-out/>
</testsuite> <!-- test.CreateNewProfilePageTests -->
