<?xml version="1.0" encoding="UTF-8"?>
<!-- Generated by org.testng.reporters.JUnitReportReporter -->
<testsuite hostname="3BiilSofts-MacBook-Pro.local" failures="0" tests="1" name="testovi.TestnaKlasa" time="0.688" errors="0" timestamp="2023-02-09T14:59:41 CET" skipped="0">
  <testcase classname="testovi.TestnaKlasa" name="test_01" time="0.688"/>
  <system-out/>
</testsuite> <!-- testovi.TestnaKlasa -->
