<?xml version="1.0" encoding="UTF-8"?>
<!-- Generated by org.testng.reporters.JUnitReportReporter -->
<testsuite hostname="3BiilSofts-MacBook-Pro.local" failures="0" tests="1" name="test.LoginTests" time="2.885" errors="0" timestamp="2023-02-20T14:12:13 CET" skipped="0">
  <testcase classname="test.LoginTests" name="loginUser" time="2.885"/>
  <system-out/>
</testsuite> <!-- test.LoginTests -->
